<?xml version="1.0" encoding="UTF-8"?>
<!-- Generated by org.testng.reporters.JUnitReportReporter -->
<testsuite hostname="DESKTOP-U2KMCMD" failures="0" tests="2" name="testcases.User_001" time="31.229" errors="0" timestamp="2024-09-17T10:52:34 IST" skipped="0">
  <testcase classname="testcases.User_001" name="loginTest" time="16.968"/>
  <testcase classname="testcases.User_001" name="loginTest" time="14.261"/>
</testsuite> <!-- testcases.User_001 -->
